
> vocal-gem@0.1.0 build
> vite build

[36mvite v5.4.21 [32mbuilding for production...[36m[39m
transforming...
[32mΓ£ô[39m 59 modules transformed.
x Build failed in 4.00s
error during build:
[vite-plugin-pwa:build] [plugin vite-plugin-pwa:build] src/components/viz/PitchVisualizer.jsx (11:9): There was an error during the build:
  Transform failed with 2 errors:
C:/Users/riley/Desktop/GEM/src/components/viz/PitchVisualizer.jsx:11:9: ERROR: The symbol "NormsService" has already been declared
C:/Users/riley/Desktop/GEM/src/components/viz/PitchVisualizer.jsx:417:5: ERROR: Expected ")" but found ";"
Additionally, handling the error in the 'buildEnd' hook caused the following error:
  Transform failed with 2 errors:
C:/Users/riley/Desktop/GEM/src/components/viz/PitchVisualizer.jsx:11:9: ERROR: The symbol "NormsService" has already been declared
C:/Users/riley/Desktop/GEM/src/components/viz/PitchVisualizer.jsx:417:5: ERROR: Expected ")" but found ";"
file: C:/Users/riley/Desktop/GEM/src/components/viz/PitchVisualizer.jsx:11:9

The symbol "NormsService" has already been declared
9  |  import { NormsService } from '../../services/NormsService';
10 |  
11 |  import { NormsService } from '../../services/NormsService';
   |           ^
12 |  
13 |  const PitchVisualizer = React.memo(({ dataRef, targetRange, userMode, exercise, onScore, settings }) => {

Expected ")" but found ";"
415|              }
416|          }
417|      };
   |       ^
418|  
419|      let unsubscribe;

    at getRollupError (file:///C:/Users/riley/Desktop/GEM/node_modules/rollup/dist/es/shared/parseAst.js:401:41)
    at file:///C:/Users/riley/Desktop/GEM/node_modules/rollup/dist/es/shared/node-entry.js:23347:39
    at process.processTicksAndRejections (node:internal/process/task_queues:103:5)
    at async catchUnfinishedHookActions (file:///C:/Users/riley/Desktop/GEM/node_modules/rollup/dist/es/shared/node-entry.js:22805:16)
    at async rollupInternal (file:///C:/Users/riley/Desktop/GEM/node_modules/rollup/dist/es/shared/node-entry.js:23330:5)
    at async build (file:///C:/Users/riley/Desktop/GEM/node_modules/vite/dist/node/chunks/dep-BK3b2jBa.js:65709:14)
    at async CAC.<anonymous> (file:///C:/Users/riley/Desktop/GEM/node_modules/vite/dist/node/cli.js:829:5)
