
> vocal-gem@0.1.0 build
> vite build

[36mvite v5.4.21 [32mbuilding for production...[36m[39m
transforming...
[32mΓ£ô[39m 3055 modules transformed.
node_modules/onnxruntime-web/dist/ort-web.min.js (6:62546): Use of eval in "node_modules/onnxruntime-web/dist/ort-web.min.js" is strongly discouraged as it poses security risks and may cause issues with minification.
rendering chunks...
[plugin:vite:reporter] [plugin vite:reporter] 
(!) C:/Users/riley/Desktop/GEM/src/services/SyncManager.js is dynamically imported by C:/Users/riley/Desktop/GEM/src/context/SettingsContext.jsx but also statically imported by C:/Users/riley/Desktop/GEM/src/components/ui/FeedbackSettings.jsx, C:/Users/riley/Desktop/GEM/src/components/ui/OfflineIndicator.jsx, C:/Users/riley/Desktop/GEM/src/context/JournalContext.jsx, C:/Users/riley/Desktop/GEM/src/context/StatsContext.jsx, dynamic import will not move module into another chunk.

computing gzip size...
[2mdist/[22m[32mmanifest.webmanifest                          [39m[1m[2m  0.35 kB[22m[1m[22m
[2mdist/[22m[32mindex.html                                    [39m[1m[2m  1.16 kB[22m[1m[22m[2m Γöé gzip:   0.53 kB[22m
[2mdist/[22m[35massets/index-BUD2kaWm.css                     [39m[1m[2m 97.18 kB[22m[1m[22m[2m Γöé gzip:  14.54 kB[22m
[2mdist/[22m[36massets/ClinicalAssessmentView-D_sLSy9n.js     [39m[1m[2m  0.32 kB[22m[1m[22m[2m Γöé gzip:   0.24 kB[22m
[2mdist/[22m[36massets/AudioCalibrator-b1ENuH0v.js            [39m[1m[2m  0.49 kB[22m[1m[22m[2m Γöé gzip:   0.28 kB[22m
[2mdist/[22m[36massets/LiveMetricsBar-DAvLtLS6.js             [39m[1m[2m  0.92 kB[22m[1m[22m[2m Γöé gzip:   0.52 kB[22m
[2mdist/[22m[36massets/EmptyState-BNc8znYo.js                 [39m[1m[2m  0.94 kB[22m[1m[22m[2m Γöé gzip:   0.52 kB[22m
[2mdist/[22m[36massets/BreathPacer-Dk4pxJVu.js                [39m[1m[2m  1.20 kB[22m[1m[22m[2m Γöé gzip:   0.60 kB[22m
[2mdist/[22m[36massets/ClipCapture-CXMs_opt.js                [39m[1m[2m  1.35 kB[22m[1m[22m[2m Γöé gzip:   0.66 kB[22m
[2mdist/[22m[36massets/Spectrogram-DqtVb83e.js                [39m[1m[2m  1.49 kB[22m[1m[22m[2m Γöé gzip:   0.81 kB[22m
[2mdist/[22m[36massets/index-fk9C9jhe.js                      [39m[1m[2m  1.56 kB[22m[1m[22m[2m Γöé gzip:   0.76 kB[22m
[2mdist/[22m[36massets/RenderCoordinator-gQBUuF49.js          [39m[1m[2m  1.86 kB[22m[1m[22m[2m Γöé gzip:   0.85 kB[22m
[2mdist/[22m[36massets/VowelAnalysis-DMHjiciB.js              [39m[1m[2m  2.06 kB[22m[1m[22m[2m Γöé gzip:   0.80 kB[22m
[2mdist/[22m[36massets/historyService-DU7kUBJ6.js             [39m[1m[2m  2.13 kB[22m[1m[22m[2m Γöé gzip:   0.68 kB[22m
[2mdist/[22m[36massets/AudioLibrary-CzyHqD6q.js               [39m[1m[2m  2.26 kB[22m[1m[22m[2m Γöé gzip:   0.89 kB[22m
[2mdist/[22m[36massets/ResonanceMetrics-B52K4Ujz.js           [39m[1m[2m  2.32 kB[22m[1m[22m[2m Γöé gzip:   1.09 kB[22m
[2mdist/[22m[36massets/CompassWizard-DvZGG1de.js              [39m[1m[2m  2.47 kB[22m[1m[22m[2m Γöé gzip:   0.80 kB[22m
[2mdist/[22m[36massets/HighResSpectrogram-BGglbrsG.js         [39m[1m[2m  2.64 kB[22m[1m[22m[2m Γöé gzip:   1.33 kB[22m
[2mdist/[22m[36massets/PitchOrb-BN4FhNsn.js                   [39m[1m[2m  3.05 kB[22m[1m[22m[2m Γöé gzip:   1.56 kB[22m
[2mdist/[22m[36massets/VoiceQualityAnalysis-BArTfQJo.js       [39m[1m[2m  3.26 kB[22m[1m[22m[2m Γöé gzip:   1.17 kB[22m
[2mdist/[22m[36massets/VowelSpacePlot-CYS1k-3n.js             [39m[1m[2m  4.20 kB[22m[1m[22m[2m Γöé gzip:   1.71 kB[22m
[2mdist/[22m[36massets/SpectralTiltMeter-DKxNybOU.js          [39m[1m[2m  4.61 kB[22m[1m[22m[2m Γöé gzip:   1.66 kB[22m
[2mdist/[22m[36massets/CalibrationWizard-Dm4Ntl02.js          [39m[1m[2m  4.62 kB[22m[1m[22m[2m Γöé gzip:   1.58 kB[22m
[2mdist/[22m[36massets/ContourVisualizer-BFhrTnrJ.js          [39m[1m[2m  4.64 kB[22m[1m[22m[2m Γöé gzip:   1.79 kB[22m
[2mdist/[22m[36massets/FeedbackControls-CUnoRmSh.js           [39m[1m[2m  4.91 kB[22m[1m[22m[2m Γöé gzip:   1.52 kB[22m
[2mdist/[22m[36massets/VoiceRangeProfile-DU17z9CC.js          [39m[1m[2m  5.45 kB[22m[1m[22m[2m Γöé gzip:   2.19 kB[22m
[2mdist/[22m[36massets/workbox-window.prod.es5-vqzQaGvo.js    [39m[1m[2m  5.72 kB[22m[1m[22m[2m Γöé gzip:   2.35 kB[22m
[2mdist/[22m[36massets/Sidebar-SDq3SzZT.js                    [39m[1m[2m  5.80 kB[22m[1m[22m[2m Γöé gzip:   1.94 kB[22m
[2mdist/[22m[36massets/AcousticAnalysisView-CZvLjpX7.js       [39m[1m[2m  6.18 kB[22m[1m[22m[2m Γöé gzip:   2.26 kB[22m
[2mdist/[22m[36massets/MixingBoardView-CWdndF_1.js            [39m[1m[2m  6.73 kB[22m[1m[22m[2m Γöé gzip:   2.39 kB[22m
[2mdist/[22m[36massets/ProgressView-DxNzMqKd.js               [39m[1m[2m  6.78 kB[22m[1m[22m[2m Γöé gzip:   2.52 kB[22m
[2mdist/[22m[36massets/PhonetogramView-B-5x7YvN.js            [39m[1m[2m  6.83 kB[22m[1m[22m[2m Γöé gzip:   2.55 kB[22m
[2mdist/[22m[36massets/TrainingView-BK3mZmkq.js               [39m[1m[2m  7.03 kB[22m[1m[22m[2m Γöé gzip:   2.58 kB[22m
[2mdist/[22m[36massets/PitchVisualizer-BARPlEll.js            [39m[1m[2m  7.23 kB[22m[1m[22m[2m Γöé gzip:   2.45 kB[22m
[2mdist/[22m[36massets/TutorialWizard-ZR_nOSwH.js             [39m[1m[2m  7.29 kB[22m[1m[22m[2m Γöé gzip:   2.06 kB[22m
[2mdist/[22m[36massets/VoiceQualityMeter-CHO_IGEL.js          [39m[1m[2m  7.31 kB[22m[1m[22m[2m Γöé gzip:   2.27 kB[22m
[2mdist/[22m[36massets/ComparisonTool-Bpxblc6a.js             [39m[1m[2m  7.31 kB[22m[1m[22m[2m Γöé gzip:   2.36 kB[22m
[2mdist/[22m[36massets/SettingsView-ChWM9YFa.js               [39m[1m[2m  7.94 kB[22m[1m[22m[2m Γöé gzip:   2.29 kB[22m
[2mdist/[22m[36massets/GenderPerceptionDashboard-BKOdDWEv.js  [39m[1m[2m  8.02 kB[22m[1m[22m[2m Γöé gzip:   2.39 kB[22m
[2mdist/[22m[36massets/CoachView-CmhJY2Tl.js                  [39m[1m[2m  8.28 kB[22m[1m[22m[2m Γöé gzip:   2.79 kB[22m
[2mdist/[22m[36massets/DashboardView-3uubgWHP.js              [39m[1m[2m  8.97 kB[22m[1m[22m[2m Γöé gzip:   2.75 kB[22m
[2mdist/[22m[36massets/ResonanceOrb-DCa53uk_.js               [39m[1m[2m  9.26 kB[22m[1m[22m[2m Γöé gzip:   3.31 kB[22m
[2mdist/[22m[36massets/AdaptivePracticeSession-DAI1ht2J.js    [39m[1m[2m  9.31 kB[22m[1m[22m[2m Γöé gzip:   3.24 kB[22m
[2mdist/[22m[36massets/courseData-BYf6KDTg.js                 [39m[1m[2m 10.86 kB[22m[1m[22m[2m Γöé gzip:   3.92 kB[22m
[2mdist/[22m[36massets/PracticeMode-CWROv0cl.js               [39m[1m[2m 12.44 kB[22m[1m[22m[2m Γöé gzip:   4.13 kB[22m
[2mdist/[22m[36massets/VocalFoldsView-BldLWxq9.js             [39m[1m[2m 12.68 kB[22m[1m[22m[2m Γöé gzip:   3.49 kB[22m
[2mdist/[22m[36massets/VoiceQualityView-BjwQYu2k.js           [39m[1m[2m 13.68 kB[22m[1m[22m[2m Γöé gzip:   4.13 kB[22m
[2mdist/[22m[36massets/ToolExercises-A9-kH9ub.js              [39m[1m[2m 15.70 kB[22m[1m[22m[2m Γöé gzip:   4.94 kB[22m
[2mdist/[22m[36massets/HistoryView--2buP8w9.js                [39m[1m[2m 18.02 kB[22m[1m[22m[2m Γöé gzip:   5.94 kB[22m
[2mdist/[22m[36massets/purify.es-B6FQ9oRL.js                  [39m[1m[2m 22.57 kB[22m[1m[22m[2m Γöé gzip:   8.74 kB[22m
[2mdist/[22m[36massets/AnalysisView-DIN3MU4P.js               [39m[1m[2m 22.73 kB[22m[1m[22m[2m Γöé gzip:   6.89 kB[22m
[2mdist/[22m[36massets/DynamicOrb-Bxi9pRow.js                 [39m[1m[2m 24.42 kB[22m[1m[22m[2m Γöé gzip:   7.46 kB[22m
[2mdist/[22m[36massets/ArticulationView-Dtr0pJON.js           [39m[1m[2m 24.76 kB[22m[1m[22m[2m Γöé gzip:   9.02 kB[22m
[2mdist/[22m[36massets/FeminizationCourse-B6YyZ9af.js         [39m[1m[2m 25.31 kB[22m[1m[22m[2m Γöé gzip:   7.11 kB[22m
[2mdist/[22m[36massets/coachEngine-Bp1P6Ecu.js                [39m[1m[2m 25.38 kB[22m[1m[22m[2m Γöé gzip:   9.14 kB[22m
[2mdist/[22m[36massets/react-vendor-Duwa6A8m.js               [39m[1m[2m 30.92 kB[22m[1m[22m[2m Γöé gzip:  11.56 kB[22m
[2mdist/[22m[36massets/ui-icons-CdDKN75q.js                   [39m[1m[2m 38.13 kB[22m[1m[22m[2m Γöé gzip:   8.10 kB[22m
[2mdist/[22m[36massets/index-Bw8T-vMI.js                      [39m[1m[2m117.40 kB[22m[1m[22m[2m Γöé gzip:  36.05 kB[22m
[2mdist/[22m[36massets/index.es-LBSIhhkJ.js                   [39m[1m[2m150.51 kB[22m[1m[22m[2m Γöé gzip:  51.45 kB[22m
[2mdist/[22m[36massets/chart-DPFeTzUf.js                      [39m[1m[2m173.73 kB[22m[1m[22m[2m Γöé gzip:  60.75 kB[22m
[2mdist/[22m[36massets/html2canvas.esm-CBrSDip1.js            [39m[1m[2m201.42 kB[22m[1m[22m[2m Γöé gzip:  48.03 kB[22m
[2mdist/[22m[36massets/index-BjLOrQlg.js                      [39m[1m[2m220.85 kB[22m[1m[22m[2m Γöé gzip:  61.20 kB[22m
[2mdist/[22m[36massets/three-fiber-TBgh67vu.js                [39m[1m[2m294.47 kB[22m[1m[22m[2m Γöé gzip:  94.55 kB[22m
[2mdist/[22m[36massets/pdf-BREBJmlV.js                        [39m[1m[2m418.54 kB[22m[1m[22m[2m Γöé gzip: 136.71 kB[22m
[2mdist/[22m[36massets/three-core-Tdb0rhRP.js                 [39m[1m[2m718.63 kB[22m[1m[22m[2m Γöé gzip: 188.70 kB[22m
[2mdist/[22m[36massets/transformers-zXBuNdID.js               [39m[1m[2m814.36 kB[22m[1m[22m[2m Γöé gzip: 198.05 kB[22m
[32mΓ£ô built in 1m 10s[39m
error during build:
Error: 
  Configure "workbox.maximumFileSizeToCacheInBytes" to change the limit: the default value is 2 MiB.
  Check https://vite-pwa-org.netlify.app/guide/faq.html#missing-assets-from-sw-precache-manifest for more information.
  Assets exceeding the limit:
  - pwa-512x512.png is 4.69 MB, and won't be precached.

    at logWorkboxResult (file:///C:/Users/riley/Desktop/GEM/node_modules/vite-plugin-pwa/dist/chunk-G4TAN34B.js:44:13)
    at generateServiceWorker (file:///C:/Users/riley/Desktop/GEM/node_modules/vite-plugin-pwa/dist/index.js:209:3)
    at async _generateSW (file:///C:/Users/riley/Desktop/GEM/node_modules/vite-plugin-pwa/dist/index.js:234:5)
    at async Object.handler (file:///C:/Users/riley/Desktop/GEM/node_modules/vite-plugin-pwa/dist/index.js:427:13)
    at async PluginDriver.hookParallel (file:///C:/Users/riley/Desktop/GEM/node_modules/rollup/dist/es/shared/node-entry.js:22355:17)
    at async Object.close (file:///C:/Users/riley/Desktop/GEM/node_modules/rollup/dist/es/shared/node-entry.js:23374:13)
    at async build (file:///C:/Users/riley/Desktop/GEM/node_modules/vite/dist/node/chunks/dep-BK3b2jBa.js:65732:17)
    at async CAC.<anonymous> (file:///C:/Users/riley/Desktop/GEM/node_modules/vite/dist/node/cli.js:829:5)
