
> vocal-gem@0.1.0 build
> vite build

[36mvite v5.4.21 [32mbuilding for production...[36m[39m
transforming...
[32mΓ£ô[39m 29 modules transformed.
x Build failed in 1.88s
error during build:
[vite-plugin-pwa:build] There was an error during the build:
  src/services/IndexedDBManager.js (113:22): Identifier "duration" has already been declared
Additionally, handling the error in the 'buildEnd' hook caused the following error:
  src/services/IndexedDBManager.js (113:22): Identifier "duration" has already been declared
file: C:/Users/riley/Desktop/GEM/src/services/IndexedDBManager.js:113:22

111:             request.onsuccess = () => {
112:                 const duration = performance.now() - start;
113:                 const duration = performance.now() - start;
                           ^
114:                 resolve(request.result);
115:             };

    at getRollupError (file:///C:/Users/riley/Desktop/GEM/node_modules/rollup/dist/es/shared/parseAst.js:401:41)
    at file:///C:/Users/riley/Desktop/GEM/node_modules/rollup/dist/es/shared/node-entry.js:23347:39
    at async catchUnfinishedHookActions (file:///C:/Users/riley/Desktop/GEM/node_modules/rollup/dist/es/shared/node-entry.js:22805:16)
    at async rollupInternal (file:///C:/Users/riley/Desktop/GEM/node_modules/rollup/dist/es/shared/node-entry.js:23330:5)
    at async build (file:///C:/Users/riley/Desktop/GEM/node_modules/vite/dist/node/chunks/dep-BK3b2jBa.js:65709:14)
    at async CAC.<anonymous> (file:///C:/Users/riley/Desktop/GEM/node_modules/vite/dist/node/cli.js:829:5)
