
 RUN  v4.0.14 C:/Users/riley/Desktop/GEM

stderr | src/test/ProfileContext.test.jsx > ProfileContext Integration > should provide default values
Warning: An update to ProfileProvider inside a test was not wrapped in act(...).

When testing, code that causes React state updates should be wrapped into act(...):

act(() => {
  /* fire events that update state */
});
/* assert on the output */

This ensures that you're testing the behavior the user would see in the browser. Learn more at https://reactjs.org/link/wrap-tests-with-act
    at ProfileProvider (C:/Users/riley/Desktop/GEM/src/context/ProfileContext.jsx:20:28)
    at wrapper (C:/Users/riley/Desktop/GEM/src/test/ProfileContext.test.jsx:41:22)

stderr | src/test/ProfileContext.test.jsx > ProfileContext Integration > should update hydration
Warning: An update to ProfileProvider inside a test was not wrapped in act(...).

When testing, code that causes React state updates should be wrapped into act(...):

act(() => {
  /* fire events that update state */
});
/* assert on the output */

This ensures that you're testing the behavior the user would see in the browser. Learn more at https://reactjs.org/link/wrap-tests-with-act
    at ProfileProvider (C:/Users/riley/Desktop/GEM/src/context/ProfileContext.jsx:20:28)
    at wrapper (C:/Users/riley/Desktop/GEM/src/test/ProfileContext.test.jsx:41:22)
Warning: An update to ProfileProvider inside a test was not wrapped in act(...).

When testing, code that causes React state updates should be wrapped into act(...):

act(() => {
  /* fire events that update state */
});
/* assert on the output */

This ensures that you're testing the behavior the user would see in the browser. Learn more at https://reactjs.org/link/wrap-tests-with-act
    at ProfileProvider (C:/Users/riley/Desktop/GEM/src/context/ProfileContext.jsx:20:28)
    at wrapper (C:/Users/riley/Desktop/GEM/src/test/ProfileContext.test.jsx:41:22)

stderr | src/test/ProfileContext.test.jsx > ProfileContext Integration > should log fatigue
Warning: An update to ProfileProvider inside a test was not wrapped in act(...).

When testing, code that causes React state updates should be wrapped into act(...):

act(() => {
  /* fire events that update state */
});
/* assert on the output */

This ensures that you're testing the behavior the user would see in the browser. Learn more at https://reactjs.org/link/wrap-tests-with-act
    at ProfileProvider (C:/Users/riley/Desktop/GEM/src/context/ProfileContext.jsx:20:28)
    at wrapper (C:/Users/riley/Desktop/GEM/src/test/ProfileContext.test.jsx:41:22)
Warning: An update to ProfileProvider inside a test was not wrapped in act(...).

When testing, code that causes React state updates should be wrapped into act(...):

act(() => {
  /* fire events that update state */
});
/* assert on the output */

This ensures that you're testing the behavior the user would see in the browser. Learn more at https://reactjs.org/link/wrap-tests-with-act
    at ProfileProvider (C:/Users/riley/Desktop/GEM/src/context/ProfileContext.jsx:20:28)
    at wrapper (C:/Users/riley/Desktop/GEM/src/test/ProfileContext.test.jsx:41:22)

 Γ¥» src/test/ProfileContext.test.jsx (4 tests | 1 failed) 5049ms
     Γ£ô should provide default values 27ms
     Γ£ô should update hydration 9ms
     Γ£ô should log fatigue 5ms
       ├ù should switch profile 5006ms

ΓÄ»ΓÄ»ΓÄ»ΓÄ»ΓÄ»ΓÄ»ΓÄ» Failed Tests 1 ΓÄ»ΓÄ»ΓÄ»ΓÄ»ΓÄ»ΓÄ»ΓÄ»

 FAIL  src/test/ProfileContext.test.jsx > ProfileContext Integration > with multiple profiles > should switch profile
Error: Test timed out in 5000ms.
If this is a long-running test, pass a timeout value as the last argument or configure it globally with "testTimeout".
 Γ¥» src/test/ProfileContext.test.jsx:82:9
     80|         });
     81| 
     82|         it('should switch profile', async () => {
       |         ^
     83|             const { result } = renderHook(() => useProfile(), { wrappeΓÇª
     84| 

ΓÄ»ΓÄ»ΓÄ»ΓÄ»ΓÄ»ΓÄ»ΓÄ»ΓÄ»ΓÄ»ΓÄ»ΓÄ»ΓÄ»ΓÄ»ΓÄ»ΓÄ»ΓÄ»ΓÄ»ΓÄ»ΓÄ»ΓÄ»ΓÄ»ΓÄ»ΓÄ»ΓÄ»[1/1]ΓÄ»


 Test Files  1 failed (1)
      Tests  1 failed | 3 passed (4)
   Start at  23:19:45
   Duration  7.05s (transform 147ms, setup 173ms, import 299ms, tests 5.05s, environment 1.29s)

